{"C:\\code-x\\product-catalog-api\\src\\db.js": {"path":"C:\\code-x\\product-catalog-api\\src\\db.js","statementMap":{"0":{"start":{"line":15,"column":19},"end":{"line":15,"column":32}},"1":{"start":{"line":17,"column":15},"end":{"line":23,"column":2}},"2":{"start":{"line":25,"column":0},"end":{"line":27,"column":78}},"3":{"start":{"line":26,"column":14},"end":{"line":26,"column":52}},"4":{"start":{"line":27,"column":18},"end":{"line":27,"column":76}},"5":{"start":{"line":28,"column":0},"end":{"line":28,"column":21}}},"fnMap":{"0":{"name":"(anonymous_0)","decl":{"start":{"line":26,"column":8},"end":{"line":26,"column":9}},"loc":{"start":{"line":26,"column":14},"end":{"line":26,"column":52}},"line":26},"1":{"name":"(anonymous_1)","decl":{"start":{"line":27,"column":9},"end":{"line":27,"column":10}},"loc":{"start":{"line":27,"column":18},"end":{"line":27,"column":76}},"line":27}},"branchMap":{"0":{"loc":{"start":{"line":18,"column":8},"end":{"line":18,"column":42}},"type":"binary-expr","locations":[{"start":{"line":18,"column":8},"end":{"line":18,"column":27}},{"start":{"line":18,"column":31},"end":{"line":18,"column":42}}],"line":18},"1":{"loc":{"start":{"line":19,"column":8},"end":{"line":19,"column":35}},"type":"binary-expr","locations":[{"start":{"line":19,"column":8},"end":{"line":19,"column":27}},{"start":{"line":19,"column":31},"end":{"line":19,"column":35}}],"line":19},"2":{"loc":{"start":{"line":20,"column":8},"end":{"line":20,"column":41}},"type":"binary-expr","locations":[{"start":{"line":20,"column":8},"end":{"line":20,"column":27}},{"start":{"line":20,"column":31},"end":{"line":20,"column":41}}],"line":20},"3":{"loc":{"start":{"line":21,"column":12},"end":{"line":21,"column":49}},"type":"binary-expr","locations":[{"start":{"line":21,"column":12},"end":{"line":21,"column":35}},{"start":{"line":21,"column":39},"end":{"line":21,"column":49}}],"line":21},"4":{"loc":{"start":{"line":22,"column":12},"end":{"line":22,"column":52}},"type":"binary-expr","locations":[{"start":{"line":22,"column":12},"end":{"line":22,"column":31}},{"start":{"line":22,"column":35},"end":{"line":22,"column":52}}],"line":22}},"s":{"0":1,"1":1,"2":1,"3":0,"4":0,"5":1},"f":{"0":0,"1":0},"b":{"0":[1,1],"1":[1,1],"2":[1,1],"3":[1,1],"4":[1,1]},"_coverageSchema":"1a1c01bbd47fc00a2c39e90264f33305004495a9","hash":"e1a4484869972ab0cff71280fbed72d684c64026"}
,"C:\\code-x\\product-catalog-api\\src\\models\\Product.js": {"path":"C:\\code-x\\product-catalog-api\\src\\models\\Product.js","statementMap":{"0":{"start":{"line":2,"column":11},"end":{"line":2,"column":27}},"1":{"start":{"line":4,"column":22},"end":{"line":88,"column":1}},"2":{"start":{"line":12,"column":22},"end":{"line":16,"column":9}},"3":{"start":{"line":19,"column":23},"end":{"line":19,"column":65}},"4":{"start":{"line":21,"column":8},"end":{"line":28,"column":9}},"5":{"start":{"line":23,"column":27},"end":{"line":23,"column":56}},"6":{"start":{"line":24,"column":10},"end":{"line":24,"column":25}},"7":{"start":{"line":27,"column":10},"end":{"line":27,"column":71}},"8":{"start":{"line":32,"column":16},"end":{"line":32,"column":65}},"9":{"start":{"line":33,"column":19},"end":{"line":33,"column":21}},"10":{"start":{"line":34,"column":16},"end":{"line":34,"column":17}},"11":{"start":{"line":36,"column":4},"end":{"line":39,"column":5}},"12":{"start":{"line":37,"column":6},"end":{"line":37,"column":45}},"13":{"start":{"line":38,"column":6},"end":{"line":38,"column":31}},"14":{"start":{"line":41,"column":4},"end":{"line":44,"column":5}},"15":{"start":{"line":42,"column":6},"end":{"line":42,"column":43}},"16":{"start":{"line":43,"column":6},"end":{"line":43,"column":28}},"17":{"start":{"line":46,"column":4},"end":{"line":49,"column":5}},"18":{"start":{"line":47,"column":6},"end":{"line":47,"column":43}},"19":{"start":{"line":48,"column":6},"end":{"line":48,"column":28}},"20":{"start":{"line":51,"column":4},"end":{"line":51,"column":41}},"21":{"start":{"line":53,"column":21},"end":{"line":53,"column":50}},"22":{"start":{"line":54,"column":4},"end":{"line":54,"column":16}},"23":{"start":{"line":60,"column":18},"end":{"line":63,"column":5}},"24":{"start":{"line":64,"column":21},"end":{"line":64,"column":48}},"25":{"start":{"line":65,"column":4},"end":{"line":65,"column":19}},"26":{"start":{"line":70,"column":19},"end":{"line":70,"column":21}},"27":{"start":{"line":71,"column":19},"end":{"line":71,"column":21}},"28":{"start":{"line":72,"column":12},"end":{"line":72,"column":13}},"29":{"start":{"line":74,"column":4},"end":{"line":77,"column":5}},"30":{"start":{"line":75,"column":6},"end":{"line":75,"column":38}},"31":{"start":{"line":76,"column":6},"end":{"line":76,"column":29}},"32":{"start":{"line":79,"column":4},"end":{"line":79,"column":20}},"33":{"start":{"line":80,"column":18},"end":{"line":84,"column":5}},"34":{"start":{"line":85,"column":21},"end":{"line":85,"column":50}},"35":{"start":{"line":86,"column":4},"end":{"line":86,"column":19}},"36":{"start":{"line":90,"column":0},"end":{"line":90,"column":31}}},"fnMap":{"0":{"name":"(anonymous_0)","decl":{"start":{"line":8,"column":4},"end":{"line":8,"column":5}},"loc":{"start":{"line":8,"column":41},"end":{"line":29,"column":7}},"line":8},"1":{"name":"(anonymous_1)","decl":{"start":{"line":31,"column":0},"end":{"line":31,"column":1}},"loc":{"start":{"line":31,"column":44},"end":{"line":55,"column":3}},"line":31},"2":{"name":"(anonymous_2)","decl":{"start":{"line":59,"column":2},"end":{"line":59,"column":3}},"loc":{"start":{"line":59,"column":19},"end":{"line":66,"column":3}},"line":59},"3":{"name":"(anonymous_3)","decl":{"start":{"line":69,"column":2},"end":{"line":69,"column":3}},"loc":{"start":{"line":69,"column":25},"end":{"line":87,"column":3}},"line":69}},"branchMap":{"0":{"loc":{"start":{"line":36,"column":4},"end":{"line":39,"column":5}},"type":"if","locations":[{"start":{"line":36,"column":4},"end":{"line":39,"column":5}},{"start":{},"end":{}}],"line":36},"1":{"loc":{"start":{"line":41,"column":4},"end":{"line":44,"column":5}},"type":"if","locations":[{"start":{"line":41,"column":4},"end":{"line":44,"column":5}},{"start":{},"end":{}}],"line":41},"2":{"loc":{"start":{"line":46,"column":4},"end":{"line":49,"column":5}},"type":"if","locations":[{"start":{"line":46,"column":4},"end":{"line":49,"column":5}},{"start":{},"end":{}}],"line":46}},"s":{"0":1,"1":1,"2":0,"3":0,"4":0,"5":0,"6":0,"7":0,"8":0,"9":0,"10":0,"11":0,"12":0,"13":0,"14":0,"15":0,"16":0,"17":0,"18":0,"19":0,"20":0,"21":0,"22":0,"23":0,"24":0,"25":0,"26":0,"27":0,"28":0,"29":0,"30":0,"31":0,"32":0,"33":0,"34":0,"35":0,"36":1},"f":{"0":0,"1":0,"2":0,"3":0},"b":{"0":[0,0],"1":[0,0],"2":[0,0]},"_coverageSchema":"1a1c01bbd47fc00a2c39e90264f33305004495a9","hash":"21544905e63fa2c387410d63d4abe98b994aa84c"}
,"C:\\code-x\\product-catalog-api\\src\\services\\products.service.js": {"path":"C:\\code-x\\product-catalog-api\\src\\services\\products.service.js","statementMap":{"0":{"start":{"line":2,"column":22},"end":{"line":2,"column":50}},"1":{"start":{"line":6,"column":4},"end":{"line":11,"column":5}},"2":{"start":{"line":7,"column":6},"end":{"line":7,"column":47}},"3":{"start":{"line":8,"column":6},"end":{"line":8,"column":53}},"4":{"start":{"line":10,"column":6},"end":{"line":10,"column":67}},"5":{"start":{"line":15,"column":4},"end":{"line":19,"column":5}},"6":{"start":{"line":16,"column":6},"end":{"line":16,"column":50}},"7":{"start":{"line":18,"column":6},"end":{"line":18,"column":65}},"8":{"start":{"line":22,"column":4},"end":{"line":26,"column":5}},"9":{"start":{"line":23,"column":6},"end":{"line":23,"column":45}},"10":{"start":{"line":25,"column":6},"end":{"line":25,"column":72}},"11":{"start":{"line":31,"column":4},"end":{"line":37,"column":5}},"12":{"start":{"line":32,"column":22},"end":{"line":32,"column":54}},"13":{"start":{"line":33,"column":6},"end":{"line":33,"column":57}},"14":{"start":{"line":33,"column":20},"end":{"line":33,"column":57}},"15":{"start":{"line":34,"column":6},"end":{"line":34,"column":21}},"16":{"start":{"line":36,"column":6},"end":{"line":36,"column":67}},"17":{"start":{"line":40,"column":4},"end":{"line":44,"column":5}},"18":{"start":{"line":41,"column":6},"end":{"line":41,"column":44}},"19":{"start":{"line":43,"column":6},"end":{"line":43,"column":67}},"20":{"start":{"line":48,"column":4},"end":{"line":52,"column":5}},"21":{"start":{"line":49,"column":6},"end":{"line":49,"column":50}},"22":{"start":{"line":51,"column":6},"end":{"line":51,"column":65}},"23":{"start":{"line":62,"column":0},"end":{"line":62,"column":39}}},"fnMap":{"0":{"name":"(anonymous_0)","decl":{"start":{"line":5,"column":2},"end":{"line":5,"column":3}},"loc":{"start":{"line":5,"column":28},"end":{"line":12,"column":3}},"line":5},"1":{"name":"(anonymous_1)","decl":{"start":{"line":14,"column":2},"end":{"line":14,"column":3}},"loc":{"start":{"line":14,"column":24},"end":{"line":20,"column":3}},"line":14},"2":{"name":"(anonymous_2)","decl":{"start":{"line":21,"column":2},"end":{"line":21,"column":3}},"loc":{"start":{"line":21,"column":17},"end":{"line":27,"column":3}},"line":21},"3":{"name":"(anonymous_3)","decl":{"start":{"line":30,"column":2},"end":{"line":30,"column":3}},"loc":{"start":{"line":30,"column":20},"end":{"line":38,"column":3}},"line":30},"4":{"name":"(anonymous_4)","decl":{"start":{"line":39,"column":2},"end":{"line":39,"column":3}},"loc":{"start":{"line":39,"column":19},"end":{"line":45,"column":3}},"line":39},"5":{"name":"(anonymous_5)","decl":{"start":{"line":47,"column":2},"end":{"line":47,"column":3}},"loc":{"start":{"line":47,"column":25},"end":{"line":53,"column":3}},"line":47}},"branchMap":{"0":{"loc":{"start":{"line":33,"column":6},"end":{"line":33,"column":57}},"type":"if","locations":[{"start":{"line":33,"column":6},"end":{"line":33,"column":57}},{"start":{},"end":{}}],"line":33}},"s":{"0":1,"1":2,"2":2,"3":2,"4":1,"5":0,"6":0,"7":0,"8":2,"9":2,"10":1,"11":0,"12":0,"13":0,"14":0,"15":0,"16":0,"17":0,"18":0,"19":0,"20":0,"21":0,"22":0,"23":1},"f":{"0":2,"1":0,"2":2,"3":0,"4":0,"5":0},"b":{"0":[0,0]},"_coverageSchema":"1a1c01bbd47fc00a2c39e90264f33305004495a9","hash":"2e6bf00411f6ca96a56048ec9a95cd58b2d9c249"}
}
